<?xml version="1.0" encoding="UTF-8"?>
<!-- Generated by org.testng.reporters.JUnitXMLReporter -->
<testsuite ignored="2" hostname="LAPTOP-S2UPK277" failures="0" tests="2" name="Test" time="25.303" errors="0" timestamp="2026-03-12T19:41:11 IST">
  <testcase classname="bestphone_m.SearchTest" name="verifySearch" time="6.63"/>
  <testcase classname="bestphone_m.BestPhoneTest" name="verifyBestPhone" time="16.159"/>
  <testcase classname="base.BaseTest" name="@AfterSuite tearDown" time="0.0">
    <ignored/>
  </testcase> <!-- @AfterSuite tearDown -->
  <testcase classname="base.BaseTest" name="@BeforeSuite setup" time="0.0">
    <ignored/>
  </testcase> <!-- @BeforeSuite setup -->
</testsuite> <!-- Test -->
