<?xml version="1.0" encoding="UTF-8"?>
<!-- Generated by org.testng.reporters.JUnitXMLReporter -->
<testsuite ignored="0" hostname="LAPTOP-S2UPK277" failures="0" tests="5" name="Test" time="17.401" errors="0" timestamp="2026-03-12T19:41:50 IST">
  <testcase classname="bestproduct_rk.BestProductTest" name="clickSearchBoxTest" time="8.949"/>
  <testcase classname="bestproduct_rk.BestProductTest" name="clickFindBestProductsTest" time="1.86"/>
  <testcase classname="bestproduct_rk.BestProductTest" name="clickFindBestProducts2Test" time="2.154"/>
  <testcase classname="bestproduct_rk.BestProductTest" name="clickFindSimilarProductTest" time="2.053"/>
  <testcase classname="bestproduct_rk.BestProductTest" name="clickBestProductsTest" time="0.059"/>
</testsuite> <!-- Test -->
