<?xml version="1.0" encoding="UTF-8"?>
<!-- Generated by org.testng.reporters.JUnitXMLReporter -->
<testsuite ignored="3" hostname="LAPTOP-S2UPK277" failures="0" tests="5" name="Test" time="38.044" errors="0" timestamp="2026-03-12T19:40:16 IST">
  <testcase classname="searchShirt_k.searchItemTest" name="verify_search" time="3.959"/>
  <testcase classname="bestShirt_k.bestItemTest" name="verify_allShirts" time="10.686"/>
  <testcase classname="bestShirt_k.bestItemTest" name="find_bestShirt" time="7.683"/>
  <testcase classname="similarShirt_k.similarItemTest" name="verify_similaritems" time="2.002"/>
  <testcase classname="similarShirt_k.similarItemTest" name="bestSimilarItem" time="2.716"/>
  <testcase classname="base.BaseTest" name="@BeforeSuite setup" time="0.0">
    <ignored/>
  </testcase> <!-- @BeforeSuite setup -->
  <testcase classname="base.BaseTest" name="@AfterSuite tearDown" time="0.0">
    <ignored/>
  </testcase> <!-- @AfterSuite tearDown -->
  <testcase classname="base.BaseTest" name="@AfterSuite tearDown" time="0.0">
    <ignored/>
  </testcase> <!-- @AfterSuite tearDown -->
</testsuite> <!-- Test -->
