<?xml version="1.0" encoding="UTF-8"?>
<!-- Generated by org.testng.reporters.JUnitReportReporter -->
<testsuite hostname="LAPTOP-S2UPK277" failures="0" tests="2" name="similarShirt_k.similarItemTest" time="4.718" errors="0" timestamp="2026-03-12T19:41:51 IST" skipped="0">
  <testcase classname="similarShirt_k.similarItemTest" name="verify_similaritems" time="2.002"/>
  <testcase classname="similarShirt_k.similarItemTest" name="bestSimilarItem" time="2.716"/>
</testsuite> <!-- similarShirt_k.similarItemTest -->
